2025-06-23 20:05:11,095 [INFO] WebApp:194 - Connection lost
2025-06-23 20:05:13,646 [INFO] WebApp:191 - Connection restablished
2025-06-23 20:05:13,843 [INFO] WebApp:194 - Connection lost
2025-06-23 20:05:14,008 [INFO] WebApp:191 - Connection restablished
2025-06-23 21:07:16,656 [INFO] UtilMem:75 - End SaveConfig() Used Memory: 539266088 Bytes (1073741824)
2025-06-23 21:07:21,401 [INFO] UtilMem:75 - End SaveConfig() Used Memory: 578195040 Bytes (1073741824)
2025-06-23 21:07:21,754 [INFO] UtilMem:75 - End SaveConfig() Used Memory: 618520144 Bytes (1073741824)
2025-06-23 21:07:23,612 [INFO] BlockDiagram:2775 - set Specific Code input for plugin: PWR
2025-06-23 21:07:23,613 [INFO] BlockDiagram:2775 - set Specific Code input for plugin: RCC
2025-06-23 21:07:23,613 [INFO] BlockDiagram:2775 - set Specific Code input for plugin: MEMORYMAP
2025-06-23 21:07:23,614 [INFO] BlockDiagram:2775 - set Specific Code input for plugin: SYS
2025-06-23 21:07:23,615 [INFO] BlockDiagram:2775 - set Specific Code input for plugin: LPBAM
2025-06-23 21:07:23,615 [INFO] BlockDiagram:2775 - set Specific Code input for plugin: NVIC
2025-06-23 21:07:23,617 [INFO] BlockDiagram:2775 - set Specific Code input for plugin: LPBAMQUEUE
2025-06-23 21:07:23,619 [INFO] CodeGenerator:882 - code generatio: config db path: C:\ST\STM32CubeIDE_1.18.1\STM32CubeIDE\plugins\com.st.stm32cube.common.mx_6.14.1.202504091515\\db\
2025-06-23 21:07:23,811 [INFO] CodeEngine:263 - oldGeneratedFile, C:\Users\sengu\OneDrive\Documents\Projects\SmartRuler\Code\SmartRuler\MXTmpFiles\license.tmp_save
2025-06-23 21:07:24,068 [INFO] CodeEngine:287 - Generated code: C:\Users\sengu\OneDrive\Documents\Projects\SmartRuler\Code\SmartRuler\MXTmpFiles\license.tmp
2025-06-23 21:07:24,080 [WARN] IPConfigManager:103 - WARNING: Missing Config File for MEMORYMAP ip!!
2025-06-23 21:07:24,082 [WARN] IP:2250 - DefaultDataRegion not found: check if there is a RefParameter without a condition.
2025-06-23 21:07:24,134 [INFO] CodeEngine:263 - oldGeneratedFile, C:\Users\sengu\OneDrive\Documents\Projects\SmartRuler\Code\SmartRuler\MXTmpFiles\cortex.tmp_save
2025-06-23 21:07:24,235 [INFO] CodeEngine:287 - Generated code: C:\Users\sengu\OneDrive\Documents\Projects\SmartRuler\Code\SmartRuler\MXTmpFiles\cortex.tmp
2025-06-23 21:07:24,262 [INFO] CodeEngine:263 - oldGeneratedFile, C:\Users\sengu\OneDrive\Documents\Projects\SmartRuler\Code\SmartRuler\Core\Src\stm32u5xx_it.c_save
2025-06-23 21:07:24,469 [INFO] CodeEngine:287 - Generated code: C:\Users\sengu\OneDrive\Documents\Projects\SmartRuler\Code\SmartRuler\Core\Src\stm32u5xx_it.c
2025-06-23 21:07:24,483 [INFO] CodeEngine:263 - oldGeneratedFile, C:\Users\sengu\OneDrive\Documents\Projects\SmartRuler\Code\SmartRuler\Core\Inc\stm32u5xx_it.h_save
2025-06-23 21:07:24,544 [INFO] CodeEngine:287 - Generated code: C:\Users\sengu\OneDrive\Documents\Projects\SmartRuler\Code\SmartRuler\Core\Inc\stm32u5xx_it.h
2025-06-23 21:07:24,577 [INFO] CodeEngine:263 - oldGeneratedFile, C:\Users\sengu\OneDrive\Documents\Projects\SmartRuler\Code\SmartRuler\Core\Src\stm32u5xx_hal_msp.c_save
2025-06-23 21:07:24,727 [INFO] CodeEngine:287 - Generated code: C:\Users\sengu\OneDrive\Documents\Projects\SmartRuler\Code\SmartRuler\Core\Src\stm32u5xx_hal_msp.c
2025-06-23 21:07:24,734 [INFO] CodeEngine:263 - oldGeneratedFile, C:\Users\sengu\OneDrive\Documents\Projects\SmartRuler\Code\SmartRuler\MXTmpFiles\system.tmp_save
2025-06-23 21:07:24,774 [INFO] CodeEngine:287 - Generated code: C:\Users\sengu\OneDrive\Documents\Projects\SmartRuler\Code\SmartRuler\MXTmpFiles\system.tmp
2025-06-23 21:07:24,789 [INFO] CodeEngine:319 - oldGeneratedFile, C:\Users\sengu\OneDrive\Documents\Projects\SmartRuler\Code\SmartRuler\Core\Inc\stm32u5xx_hal_conf.h_save
2025-06-23 21:07:24,857 [INFO] CodeEngine:343 - Generated code: C:\Users\sengu\OneDrive\Documents\Projects\SmartRuler\Code\SmartRuler\Core\Inc\stm32u5xx_hal_conf.h
2025-06-23 21:07:24,878 [ERROR] ApiDbMcu:464 - Can't load MEMORYMAP-STM32xx root dir null
2025-06-23 21:07:24,878 [ERROR] ApiDbMcu:536 - Cannot parse MEMORYMAP_Config file : file do not exist
2025-06-23 21:07:24,894 [INFO] CodeEngine:263 - oldGeneratedFile, C:\Users\sengu\OneDrive\Documents\Projects\SmartRuler\Code\SmartRuler\Core\Inc\main.h_save
2025-06-23 21:07:24,968 [INFO] CodeEngine:287 - Generated code: C:\Users\sengu\OneDrive\Documents\Projects\SmartRuler\Code\SmartRuler\Core\Inc\main.h
2025-06-23 21:07:24,982 [INFO] CodeEngine:263 - oldGeneratedFile, C:\Users\sengu\OneDrive\Documents\Projects\SmartRuler\Code\SmartRuler\Core\Src\main.c_save
2025-06-23 21:07:25,055 [INFO] CodeEngine:287 - Generated code: C:\Users\sengu\OneDrive\Documents\Projects\SmartRuler\Code\SmartRuler\Core\Src\main.c
2025-06-23 21:07:25,454 [INFO] ProjectBuilder:3324 - Time for Copy HAL[1] : 255mS.
2025-06-23 21:07:25,458 [INFO] ProjectBuilder:4912 - Project Generator version: 4.6.0.1-B1
2025-06-23 21:07:25,515 [INFO] ConfigFileManager:1590 - The Die is : DIE481
2025-06-23 21:07:26,878 [INFO] ProjectBuilder:5191 - Time for Generating toolchain IDE Files: 1420mS.
2025-06-23 21:07:26,881 [INFO] ProjectBuilder:3181 - Time for Copy CMSIS : 2mS.
2025-06-23 21:07:26,893 [INFO] ProjectBuilder:3181 - Time for Copy CMSIS : 0mS.
